common.c(130) solard_get_dirs: BINDIR: /opt/sd/bin, ETCDIR: /opt/sd/etc, LIBDIR: /opt/sd/lib, LOGDIR: /opt/sd/log
agent.c(558) agent_init: section_name: pack_01
agent.c(559) agent_init: configfile: jbdtest1.conf
agent.c(573) agent_init: ap->m: 0x152bdcc
config.c(133) config_get_section: looking for section: pack_01
config.c(143) config_get_section: NOT found!
config.c(115) config_create_section: name: pack_01
config.c(71) config_section_add_property: prop: name: transport, id: 0, flags: 00, def: (nil)
config.c(54) config_section_get_property: section: pack_01, name: transport
config.c(64) config_section_get_property: NOT found
config.c(74) config_section_add_property: p: 0x7ee94308, pp: (nil)
adding: transport
config.c(71) config_section_add_property: prop: name: target, id: 0, flags: 00, def: (nil)
config.c(54) config_section_get_property: section: pack_01, name: target
p->name: transport
config.c(64) config_section_get_property: NOT found
config.c(74) config_section_add_property: p: 0x7ee94344, pp: (nil)
adding: target
config.c(71) config_section_add_property: prop: name: topts, id: 0, flags: 00, def: (nil)
config.c(54) config_section_get_property: section: pack_01, name: topts
p->name: transport
p->name: target
config.c(64) config_section_get_property: NOT found
config.c(74) config_section_add_property: p: 0x7ee94380, pp: (nil)
adding: topts
agent.c(417) agent_config_init: adding common...
config.c(133) config_get_section: looking for section: pack_01
config.c(136) config_get_section: name: pack_01
config.c(138) config_get_section: found
config.c(71) config_section_add_property: prop: name: bindir, id: 0, flags: 00, def: (nil)
config.c(54) config_section_get_property: section: pack_01, name: bindir
p->name: transport
p->name: target
p->name: topts
config.c(64) config_section_get_property: NOT found
config.c(74) config_section_add_property: p: 0x7ee93d40, pp: (nil)
adding: bindir
config.c(71) config_section_add_property: prop: name: etcdir, id: 0, flags: 00, def: (nil)
config.c(54) config_section_get_property: section: pack_01, name: etcdir
p->name: transport
p->name: target
p->name: topts
p->name: bindir
config.c(64) config_section_get_property: NOT found
config.c(74) config_section_add_property: p: 0x7ee93d7c, pp: (nil)
adding: etcdir
config.c(71) config_section_add_property: prop: name: libdir, id: 0, flags: 00, def: (nil)
config.c(54) config_section_get_property: section: pack_01, name: libdir
p->name: transport
p->name: target
p->name: topts
p->name: bindir
p->name: etcdir
config.c(64) config_section_get_property: NOT found
config.c(74) config_section_add_property: p: 0x7ee93db8, pp: (nil)
adding: libdir
config.c(71) config_section_add_property: prop: name: logdir, id: 0, flags: 00, def: (nil)
config.c(54) config_section_get_property: section: pack_01, name: logdir
p->name: transport
p->name: target
p->name: topts
p->name: bindir
p->name: etcdir
p->name: libdir
config.c(64) config_section_get_property: NOT found
config.c(74) config_section_add_property: p: 0x7ee93df4, pp: (nil)
adding: logdir
config.c(71) config_section_add_property: prop: name: debug, id: 0, flags: 00, def: (nil)
config.c(54) config_section_get_property: section: pack_01, name: debug
p->name: transport
p->name: target
p->name: topts
p->name: bindir
p->name: etcdir
p->name: libdir
p->name: logdir
config.c(64) config_section_get_property: NOT found
config.c(74) config_section_add_property: p: 0x7ee93e30, pp: (nil)
adding: debug
agent.c(419) agent_config_init: adding agent...
config.c(133) config_get_section: looking for section: pack_01
config.c(136) config_get_section: name: pack_01
config.c(138) config_get_section: found
config.c(71) config_section_add_property: prop: name: name, id: 0, flags: 00, def: (nil)
config.c(54) config_section_get_property: section: pack_01, name: name
p->name: transport
p->name: target
p->name: topts
p->name: bindir
p->name: etcdir
p->name: libdir
p->name: logdir
p->name: debug
config.c(64) config_section_get_property: NOT found
config.c(74) config_section_add_property: p: 0x7ee939bc, pp: (nil)
adding: name
config.c(71) config_section_add_property: prop: name: read_interval, id: 0, flags: 00, def: 0x13d5c4
config.c(54) config_section_get_property: section: pack_01, name: read_interval
p->name: transport
p->name: target
p->name: topts
p->name: bindir
p->name: etcdir
p->name: libdir
p->name: logdir
p->name: debug
p->name: name
config.c(64) config_section_get_property: NOT found
config.c(74) config_section_add_property: p: 0x7ee939f8, pp: (nil)
adding: read_interval
config.c(71) config_section_add_property: prop: name: open_before_read, id: 0, flags: 00, def: 0x13d5ec
config.c(54) config_section_get_property: section: pack_01, name: open_before_read
p->name: transport
p->name: target
p->name: topts
p->name: bindir
p->name: etcdir
p->name: libdir
p->name: logdir
p->name: debug
p->name: name
p->name: read_interval
config.c(64) config_section_get_property: NOT found
config.c(74) config_section_add_property: p: 0x7ee93a34, pp: (nil)
adding: open_before_read
config.c(71) config_section_add_property: prop: name: close_after_read, id: 0, flags: 00, def: 0x13d5ec
config.c(54) config_section_get_property: section: pack_01, name: close_after_read
p->name: transport
p->name: target
p->name: topts
p->name: bindir
p->name: etcdir
p->name: libdir
p->name: logdir
p->name: debug
p->name: name
p->name: read_interval
p->name: open_before_read
config.c(64) config_section_get_property: NOT found
config.c(74) config_section_add_property: p: 0x7ee93a70, pp: (nil)
adding: close_after_read
config.c(71) config_section_add_property: prop: name: write_interval, id: 0, flags: 00, def: 0x13d5c4
config.c(54) config_section_get_property: section: pack_01, name: write_interval
p->name: transport
p->name: target
p->name: topts
p->name: bindir
p->name: etcdir
p->name: libdir
p->name: logdir
p->name: debug
p->name: name
p->name: read_interval
p->name: open_before_read
p->name: close_after_read
config.c(64) config_section_get_property: NOT found
config.c(74) config_section_add_property: p: 0x7ee93aac, pp: (nil)
adding: write_interval
config.c(71) config_section_add_property: prop: name: open_before_write, id: 0, flags: 00, def: 0x13d5ec
config.c(54) config_section_get_property: section: pack_01, name: open_before_write
p->name: transport
p->name: target
p->name: topts
p->name: bindir
p->name: etcdir
p->name: libdir
p->name: logdir
p->name: debug
p->name: name
p->name: read_interval
p->name: open_before_read
p->name: close_after_read
p->name: write_interval
config.c(64) config_section_get_property: NOT found
config.c(74) config_section_add_property: p: 0x7ee93ae8, pp: (nil)
adding: open_before_write
config.c(71) config_section_add_property: prop: name: close_after_write, id: 0, flags: 00, def: 0x13d5ec
config.c(54) config_section_get_property: section: pack_01, name: close_after_write
p->name: transport
p->name: target
p->name: topts
p->name: bindir
p->name: etcdir
p->name: libdir
p->name: logdir
p->name: debug
p->name: name
p->name: read_interval
p->name: open_before_read
p->name: close_after_read
p->name: write_interval
p->name: open_before_write
config.c(64) config_section_get_property: NOT found
config.c(74) config_section_add_property: p: 0x7ee93b24, pp: (nil)
adding: close_after_write
config.c(71) config_section_add_property: prop: name: script_dir, id: 0, flags: 00, def: (nil)
config.c(54) config_section_get_property: section: pack_01, name: script_dir
p->name: transport
p->name: target
p->name: topts
p->name: bindir
p->name: etcdir
p->name: libdir
p->name: logdir
p->name: debug
p->name: name
p->name: read_interval
p->name: open_before_read
p->name: close_after_read
p->name: write_interval
p->name: open_before_write
p->name: close_after_write
config.c(64) config_section_get_property: NOT found
config.c(74) config_section_add_property: p: 0x7ee93b60, pp: (nil)
adding: script_dir
config.c(71) config_section_add_property: prop: name: init_script, id: 0, flags: 00, def: 0x13d654
config.c(54) config_section_get_property: section: pack_01, name: init_script
p->name: transport
p->name: target
p->name: topts
p->name: bindir
p->name: etcdir
p->name: libdir
p->name: logdir
p->name: debug
p->name: name
p->name: read_interval
p->name: open_before_read
p->name: close_after_read
p->name: write_interval
p->name: open_before_write
p->name: close_after_write
p->name: script_dir
config.c(64) config_section_get_property: NOT found
config.c(74) config_section_add_property: p: 0x7ee93b9c, pp: (nil)
adding: init_script
config.c(71) config_section_add_property: prop: name: start_script, id: 0, flags: 00, def: 0x13d66c
config.c(54) config_section_get_property: section: pack_01, name: start_script
p->name: transport
p->name: target
p->name: topts
p->name: bindir
p->name: etcdir
p->name: libdir
p->name: logdir
p->name: debug
p->name: name
p->name: read_interval
p->name: open_before_read
p->name: close_after_read
p->name: write_interval
p->name: open_before_write
p->name: close_after_write
p->name: script_dir
p->name: init_script
config.c(64) config_section_get_property: NOT found
config.c(74) config_section_add_property: p: 0x7ee93bd8, pp: (nil)
adding: start_script
config.c(71) config_section_add_property: prop: name: read_script, id: 0, flags: 00, def: 0x13d684
config.c(54) config_section_get_property: section: pack_01, name: read_script
p->name: transport
p->name: target
p->name: topts
p->name: bindir
p->name: etcdir
p->name: libdir
p->name: logdir
p->name: debug
p->name: name
p->name: read_interval
p->name: open_before_read
p->name: close_after_read
p->name: write_interval
p->name: open_before_write
p->name: close_after_write
p->name: script_dir
p->name: init_script
p->name: start_script
config.c(64) config_section_get_property: NOT found
config.c(74) config_section_add_property: p: 0x7ee93c14, pp: (nil)
adding: read_script
config.c(71) config_section_add_property: prop: name: write_script, id: 0, flags: 00, def: 0x13d69c
config.c(54) config_section_get_property: section: pack_01, name: write_script
p->name: transport
p->name: target
p->name: topts
p->name: bindir
p->name: etcdir
p->name: libdir
p->name: logdir
p->name: debug
p->name: name
p->name: read_interval
p->name: open_before_read
p->name: close_after_read
p->name: write_interval
p->name: open_before_write
p->name: close_after_write
p->name: script_dir
p->name: init_script
p->name: start_script
p->name: read_script
config.c(64) config_section_get_property: NOT found
config.c(74) config_section_add_property: p: 0x7ee93c50, pp: (nil)
adding: write_script
config.c(71) config_section_add_property: prop: name: run_script, id: 0, flags: 00, def: 0x13d6b4
config.c(54) config_section_get_property: section: pack_01, name: run_script
p->name: transport
p->name: target
p->name: topts
p->name: bindir
p->name: etcdir
p->name: libdir
p->name: logdir
p->name: debug
p->name: name
p->name: read_interval
p->name: open_before_read
p->name: close_after_read
p->name: write_interval
p->name: open_before_write
p->name: close_after_write
p->name: script_dir
p->name: init_script
p->name: start_script
p->name: read_script
p->name: write_script
config.c(64) config_section_get_property: NOT found
config.c(74) config_section_add_property: p: 0x7ee93c8c, pp: (nil)
adding: run_script
config.c(71) config_section_add_property: prop: name: stop_script, id: 0, flags: 00, def: 0x13d6c8
config.c(54) config_section_get_property: section: pack_01, name: stop_script
p->name: transport
p->name: target
p->name: topts
p->name: bindir
p->name: etcdir
p->name: libdir
p->name: logdir
p->name: debug
p->name: name
p->name: read_interval
p->name: open_before_read
p->name: close_after_read
p->name: write_interval
p->name: open_before_write
p->name: close_after_write
p->name: script_dir
p->name: init_script
p->name: start_script
p->name: read_script
p->name: write_script
p->name: run_script
config.c(64) config_section_get_property: NOT found
config.c(74) config_section_add_property: p: 0x7ee93cc8, pp: (nil)
adding: stop_script
config.c(133) config_get_section: looking for section: agent
config.c(136) config_get_section: name: pack_01
config.c(143) config_get_section: NOT found!
config.c(115) config_create_section: name: agent
config.c(71) config_section_add_property: prop: name: name, id: 9, flags: 00, def: (nil)
config.c(54) config_section_get_property: section: agent, name: name
config.c(64) config_section_get_property: NOT found
config.c(74) config_section_add_property: p: 0x7ee939bc, pp: (nil)
adding: name
config.c(71) config_section_add_property: prop: name: read_interval, id: 10, flags: 00, def: 0x13d5c4
config.c(54) config_section_get_property: section: agent, name: read_interval
p->name: name
config.c(64) config_section_get_property: NOT found
config.c(74) config_section_add_property: p: 0x7ee939f8, pp: (nil)
adding: read_interval
config.c(71) config_section_add_property: prop: name: open_before_read, id: 11, flags: 00, def: 0x13d5ec
config.c(54) config_section_get_property: section: agent, name: open_before_read
p->name: name
p->name: read_interval
config.c(64) config_section_get_property: NOT found
config.c(74) config_section_add_property: p: 0x7ee93a34, pp: (nil)
adding: open_before_read
config.c(71) config_section_add_property: prop: name: close_after_read, id: 12, flags: 00, def: 0x13d5ec
config.c(54) config_section_get_property: section: agent, name: close_after_read
p->name: name
p->name: read_interval
p->name: open_before_read
config.c(64) config_section_get_property: NOT found
config.c(74) config_section_add_property: p: 0x7ee93a70, pp: (nil)
adding: close_after_read
config.c(71) config_section_add_property: prop: name: write_interval, id: 13, flags: 00, def: 0x13d5c4
config.c(54) config_section_get_property: section: agent, name: write_interval
p->name: name
p->name: read_interval
p->name: open_before_read
p->name: close_after_read
config.c(64) config_section_get_property: NOT found
config.c(74) config_section_add_property: p: 0x7ee93aac, pp: (nil)
adding: write_interval
config.c(71) config_section_add_property: prop: name: open_before_write, id: 14, flags: 00, def: 0x13d5ec
config.c(54) config_section_get_property: section: agent, name: open_before_write
p->name: name
p->name: read_interval
p->name: open_before_read
p->name: close_after_read
p->name: write_interval
config.c(64) config_section_get_property: NOT found
config.c(74) config_section_add_property: p: 0x7ee93ae8, pp: (nil)
adding: open_before_write
config.c(71) config_section_add_property: prop: name: close_after_write, id: 15, flags: 00, def: 0x13d5ec
config.c(54) config_section_get_property: section: agent, name: close_after_write
p->name: name
p->name: read_interval
p->name: open_before_read
p->name: close_after_read
p->name: write_interval
p->name: open_before_write
config.c(64) config_section_get_property: NOT found
config.c(74) config_section_add_property: p: 0x7ee93b24, pp: (nil)
adding: close_after_write
config.c(71) config_section_add_property: prop: name: script_dir, id: 16, flags: 00, def: (nil)
config.c(54) config_section_get_property: section: agent, name: script_dir
p->name: name
p->name: read_interval
p->name: open_before_read
p->name: close_after_read
p->name: write_interval
p->name: open_before_write
p->name: close_after_write
config.c(64) config_section_get_property: NOT found
config.c(74) config_section_add_property: p: 0x7ee93b60, pp: (nil)
adding: script_dir
config.c(71) config_section_add_property: prop: name: init_script, id: 17, flags: 00, def: 0x13d654
config.c(54) config_section_get_property: section: agent, name: init_script
p->name: name
p->name: read_interval
p->name: open_before_read
p->name: close_after_read
p->name: write_interval
p->name: open_before_write
p->name: close_after_write
p->name: script_dir
config.c(64) config_section_get_property: NOT found
config.c(74) config_section_add_property: p: 0x7ee93b9c, pp: (nil)
adding: init_script
config.c(71) config_section_add_property: prop: name: start_script, id: 18, flags: 00, def: 0x13d66c
config.c(54) config_section_get_property: section: agent, name: start_script
p->name: name
p->name: read_interval
p->name: open_before_read
p->name: close_after_read
p->name: write_interval
p->name: open_before_write
p->name: close_after_write
p->name: script_dir
p->name: init_script
config.c(64) config_section_get_property: NOT found
config.c(74) config_section_add_property: p: 0x7ee93bd8, pp: (nil)
adding: start_script
config.c(71) config_section_add_property: prop: name: read_script, id: 19, flags: 00, def: 0x13d684
config.c(54) config_section_get_property: section: agent, name: read_script
p->name: name
p->name: read_interval
p->name: open_before_read
p->name: close_after_read
p->name: write_interval
p->name: open_before_write
p->name: close_after_write
p->name: script_dir
p->name: init_script
p->name: start_script
config.c(64) config_section_get_property: NOT found
config.c(74) config_section_add_property: p: 0x7ee93c14, pp: (nil)
adding: read_script
config.c(71) config_section_add_property: prop: name: write_script, id: 20, flags: 00, def: 0x13d69c
config.c(54) config_section_get_property: section: agent, name: write_script
p->name: name
p->name: read_interval
p->name: open_before_read
p->name: close_after_read
p->name: write_interval
p->name: open_before_write
p->name: close_after_write
p->name: script_dir
p->name: init_script
p->name: start_script
p->name: read_script
config.c(64) config_section_get_property: NOT found
config.c(74) config_section_add_property: p: 0x7ee93c50, pp: (nil)
adding: write_script
config.c(71) config_section_add_property: prop: name: run_script, id: 21, flags: 00, def: 0x13d6b4
config.c(54) config_section_get_property: section: agent, name: run_script
p->name: name
p->name: read_interval
p->name: open_before_read
p->name: close_after_read
p->name: write_interval
p->name: open_before_write
p->name: close_after_write
p->name: script_dir
p->name: init_script
p->name: start_script
p->name: read_script
p->name: write_script
config.c(64) config_section_get_property: NOT found
config.c(74) config_section_add_property: p: 0x7ee93c8c, pp: (nil)
adding: run_script
config.c(71) config_section_add_property: prop: name: stop_script, id: 22, flags: 00, def: 0x13d6c8
config.c(54) config_section_get_property: section: agent, name: stop_script
p->name: name
p->name: read_interval
p->name: open_before_read
p->name: close_after_read
p->name: write_interval
p->name: open_before_write
p->name: close_after_write
p->name: script_dir
p->name: init_script
p->name: start_script
p->name: read_script
p->name: write_script
p->name: run_script
config.c(64) config_section_get_property: NOT found
config.c(74) config_section_add_property: p: 0x7ee93cc8, pp: (nil)
adding: stop_script
agent.c(422) agent_config_init: adding mqtt...
config.c(133) config_get_section: looking for section: mqtt
config.c(136) config_get_section: name: pack_01
config.c(136) config_get_section: name: agent
config.c(143) config_get_section: NOT found!
config.c(115) config_create_section: name: mqtt
config.c(71) config_section_add_property: prop: name: host, id: 0, flags: 00, def: 0x13d6d8
config.c(54) config_section_get_property: section: mqtt, name: host
config.c(64) config_section_get_property: NOT found
config.c(74) config_section_add_property: p: 0x7ee93854, pp: (nil)
adding: host
config.c(71) config_section_add_property: prop: name: port, id: 0, flags: 00, def: 0x13d6f8
config.c(54) config_section_get_property: section: mqtt, name: port
p->name: host
config.c(64) config_section_get_property: NOT found
config.c(74) config_section_add_property: p: 0x7ee93890, pp: (nil)
adding: port
config.c(71) config_section_add_property: prop: name: clientid, id: 0, flags: 00, def: 0x13d718
config.c(54) config_section_get_property: section: mqtt, name: clientid
p->name: host
p->name: port
config.c(64) config_section_get_property: NOT found
config.c(74) config_section_add_property: p: 0x7ee938cc, pp: (nil)
adding: clientid
config.c(71) config_section_add_property: prop: name: username, id: 0, flags: 00, def: 0x13d718
config.c(54) config_section_get_property: section: mqtt, name: username
p->name: host
p->name: port
p->name: clientid
config.c(64) config_section_get_property: NOT found
config.c(74) config_section_add_property: p: 0x7ee93908, pp: (nil)
adding: username
config.c(71) config_section_add_property: prop: name: password, id: 0, flags: 00, def: 0x13d718
config.c(54) config_section_get_property: section: mqtt, name: password
p->name: host
p->name: port
p->name: clientid
p->name: username
config.c(64) config_section_get_property: NOT found
config.c(74) config_section_add_property: p: 0x7ee93944, pp: (nil)
adding: password
config.c(133) config_get_section: looking for section: pack_01
config.c(136) config_get_section: name: pack_01
config.c(138) config_get_section: found
agent.c(440) agent_config_init: p->name: mqtt_host
config.c(71) config_section_add_property: prop: name: mqtt_host, id: 23, flags: 00, def: 0x13d6d8
config.c(54) config_section_get_property: section: pack_01, name: mqtt_host
p->name: transport
p->name: target
p->name: topts
p->name: bindir
p->name: etcdir
p->name: libdir
p->name: logdir
p->name: debug
p->name: name
p->name: read_interval
p->name: open_before_read
p->name: close_after_read
p->name: write_interval
p->name: open_before_write
p->name: close_after_write
p->name: script_dir
p->name: init_script
p->name: start_script
p->name: read_script
p->name: write_script
p->name: run_script
p->name: stop_script
p->name: mqtt_host
config.c(60) config_section_get_property: found
config.c(74) config_section_add_property: p: 0x152f39c, pp: 0x152f39c
agent.c(440) agent_config_init: p->name: mqtt_port
config.c(71) config_section_add_property: prop: name: mqtt_port, id: 24, flags: 00, def: 0x13d6f8
config.c(54) config_section_get_property: section: pack_01, name: mqtt_port
p->name: transport
p->name: target
p->name: topts
p->name: bindir
p->name: etcdir
p->name: libdir
p->name: logdir
p->name: debug
p->name: name
p->name: read_interval
p->name: open_before_read
p->name: close_after_read
p->name: write_interval
p->name: open_before_write
p->name: close_after_write
p->name: script_dir
p->name: init_script
p->name: start_script
p->name: read_script
p->name: write_script
p->name: run_script
p->name: stop_script
p->name: mqtt_host
p->name: mqtt_port
config.c(60) config_section_get_property: found
config.c(74) config_section_add_property: p: 0x152f3fc, pp: 0x152f3fc
agent.c(440) agent_config_init: p->name: mqtt_clientid
config.c(71) config_section_add_property: prop: name: mqtt_clientid, id: 25, flags: 00, def: 0x13d718
config.c(54) config_section_get_property: section: pack_01, name: mqtt_clientid
p->name: transport
p->name: target
p->name: topts
p->name: bindir
p->name: etcdir
p->name: libdir
p->name: logdir
p->name: debug
p->name: name
p->name: read_interval
p->name: open_before_read
p->name: close_after_read
p->name: write_interval
p->name: open_before_write
p->name: close_after_write
p->name: script_dir
p->name: init_script
p->name: start_script
p->name: read_script
p->name: write_script
p->name: run_script
p->name: stop_script
p->name: mqtt_host
p->name: mqtt_port
p->name: mqtt_clientid
config.c(60) config_section_get_property: found
config.c(74) config_section_add_property: p: 0x152f45c, pp: 0x152f45c
agent.c(440) agent_config_init: p->name: mqtt_username
config.c(71) config_section_add_property: prop: name: mqtt_username, id: 26, flags: 00, def: 0x13d718
config.c(54) config_section_get_property: section: pack_01, name: mqtt_username
p->name: transport
p->name: target
p->name: topts
p->name: bindir
p->name: etcdir
p->name: libdir
p->name: logdir
p->name: debug
p->name: name
p->name: read_interval
p->name: open_before_read
p->name: close_after_read
p->name: write_interval
p->name: open_before_write
p->name: close_after_write
p->name: script_dir
p->name: init_script
p->name: start_script
p->name: read_script
p->name: write_script
p->name: run_script
p->name: stop_script
p->name: mqtt_host
p->name: mqtt_port
p->name: mqtt_clientid
p->name: mqtt_username
config.c(60) config_section_get_property: found
config.c(74) config_section_add_property: p: 0x152f4bc, pp: 0x152f4bc
agent.c(440) agent_config_init: p->name: mqtt_password
config.c(71) config_section_add_property: prop: name: mqtt_password, id: 27, flags: 00, def: 0x13d718
config.c(54) config_section_get_property: section: pack_01, name: mqtt_password
p->name: transport
p->name: target
p->name: topts
p->name: bindir
p->name: etcdir
p->name: libdir
p->name: logdir
p->name: debug
p->name: name
p->name: read_interval
p->name: open_before_read
p->name: close_after_read
p->name: write_interval
p->name: open_before_write
p->name: close_after_write
p->name: script_dir
p->name: init_script
p->name: start_script
p->name: read_script
p->name: write_script
p->name: run_script
p->name: stop_script
p->name: mqtt_host
p->name: mqtt_port
p->name: mqtt_clientid
p->name: mqtt_username
p->name: mqtt_password
config.c(60) config_section_get_property: found
config.c(74) config_section_add_property: p: 0x152f51c, pp: 0x152f51c
agent.c(446) agent_config_init: script_dir(0):
agent.c(450) agent_config_init: NEW script_dir(27): /opt/sd/lib/scripts/pack_01
agent.c(453) agent_config_init: done!
agent.c(578) agent_init: mqtt_info:
config.c(499) config_read: filename: jbdtest1.conf
config.c(383) config_read_ini: filename: jbdtest1.conf
config.c(385) config_read_ini: cfg: 0x152f564
config.c(392) config_read_ini: cfgsec->name:
config.c(133) config_get_section: looking for section:
config.c(136) config_get_section: name: pack_01
config.c(136) config_get_section: name: agent
config.c(136) config_get_section: name: mqtt
config.c(143) config_get_section: NOT found!
config.c(115) config_create_section: name:
config.c(392) config_read_ini: cfgsec->name: PACK_01
config.c(133) config_get_section: looking for section: PACK_01
config.c(136) config_get_section: name: pack_01
config.c(138) config_get_section: found
config.c(400) config_read_ini: item->keyword: AGENT_NAME
config.c(54) config_section_get_property: section: pack_01, name: AGENT_NAME
p->name: transport
p->name: target
p->name: topts
p->name: bindir
p->name: etcdir
p->name: libdir
p->name: logdir
p->name: debug
p->name: name
p->name: read_interval
p->name: open_before_read
p->name: close_after_read
p->name: write_interval
p->name: open_before_write
p->name: close_after_write
p->name: script_dir
p->name: init_script
p->name: start_script
p->name: read_script
p->name: write_script
p->name: run_script
p->name: stop_script
p->name: mqtt_host
p->name: mqtt_port
p->name: mqtt_clientid
p->name: mqtt_username
p->name: mqtt_password
config.c(64) config_section_get_property: NOT found
config.c(413) config_read_ini: adding...
config.c(400) config_read_ini: item->keyword: AGENT_PATH
config.c(54) config_section_get_property: section: pack_01, name: AGENT_PATH
p->name: transport
p->name: target
p->name: topts
p->name: bindir
p->name: etcdir
p->name: libdir
p->name: logdir
p->name: debug
p->name: name
p->name: read_interval
p->name: open_before_read
p->name: close_after_read
p->name: write_interval
p->name: open_before_write
p->name: close_after_write
p->name: script_dir
p->name: init_script
p->name: start_script
p->name: read_script
p->name: write_script
p->name: run_script
p->name: stop_script
p->name: mqtt_host
p->name: mqtt_port
p->name: mqtt_clientid
p->name: mqtt_username
p->name: mqtt_password
p->name: AGENT_NAME
config.c(64) config_section_get_property: NOT found
config.c(413) config_read_ini: adding...
config.c(400) config_read_ini: item->keyword: NAME
config.c(54) config_section_get_property: section: pack_01, name: NAME
p->name: transport
p->name: target
p->name: topts
p->name: bindir
p->name: etcdir
p->name: libdir
p->name: logdir
p->name: debug
p->name: name
config.c(60) config_section_get_property: found
config.c(400) config_read_ini: item->keyword: TRANSPORT
config.c(54) config_section_get_property: section: pack_01, name: TRANSPORT
p->name: transport
config.c(60) config_section_get_property: found
config.c(400) config_read_ini: item->keyword: TARGET
config.c(54) config_section_get_property: section: pack_01, name: TARGET
p->name: transport
p->name: target
config.c(60) config_section_get_property: found
config.c(400) config_read_ini: item->keyword: MANAGED
config.c(54) config_section_get_property: section: pack_01, name: MANAGED
p->name: transport
p->name: target
p->name: topts
p->name: bindir
p->name: etcdir
p->name: libdir
p->name: logdir
p->name: debug
p->name: name
p->name: read_interval
p->name: open_before_read
p->name: close_after_read
p->name: write_interval
p->name: open_before_write
p->name: close_after_write
p->name: script_dir
p->name: init_script
p->name: start_script
p->name: read_script
p->name: write_script
p->name: run_script
p->name: stop_script
p->name: mqtt_host
p->name: mqtt_port
p->name: mqtt_clientid
p->name: mqtt_username
p->name: mqtt_password
p->name: AGENT_NAME
p->name: AGENT_PATH
config.c(64) config_section_get_property: NOT found
config.c(413) config_read_ini: adding...
config.c(215) config_dump: dumping...
config.c(219) config_dump: section: pack_01
config.c(224) config_dump:   prop: name: transport, id: 1, type: 2(STRING), value: ip
config.c(224) config_dump:   prop: name: target, id: 2, type: 2(STRING), value: pack_01
config.c(224) config_dump:   prop: name: topts, id: 3, type: 2(STRING), value:
config.c(224) config_dump:   prop: name: bindir, id: 4, type: 2(STRING), value: /opt/sd/bin
config.c(224) config_dump:   prop: name: etcdir, id: 5, type: 2(STRING), value: /opt/sd/etc
config.c(224) config_dump:   prop: name: libdir, id: 6, type: 2(STRING), value: /opt/sd/lib
config.c(224) config_dump:   prop: name: logdir, id: 7, type: 2(STRING), value: /opt/sd/log
config.c(224) config_dump:   prop: name: debug, id: 8, type: 5(INT), value: 6
config.c(224) config_dump:   prop: name: name, id: 9, type: 2(STRING), value: pack_01
config.c(224) config_dump:   prop: name: read_interval, id: 10, type: 5(INT), value: 30
config.c(224) config_dump:   prop: name: open_before_read, id: 11, type: 10(BOOLEAN), value: False
config.c(224) config_dump:   prop: name: close_after_read, id: 12, type: 10(BOOLEAN), value: False
config.c(224) config_dump:   prop: name: write_interval, id: 13, type: 5(INT), value: 30
config.c(224) config_dump:   prop: name: open_before_write, id: 14, type: 10(BOOLEAN), value: False
config.c(224) config_dump:   prop: name: close_after_write, id: 15, type: 10(BOOLEAN), value: False
config.c(224) config_dump:   prop: name: script_dir, id: 16, type: 2(STRING), value: /opt/sd/lib/scripts/pack_01
config.c(224) config_dump:   prop: name: init_script, id: 17, type: 2(STRING), value: init.js
config.c(224) config_dump:   prop: name: start_script, id: 18, type: 2(STRING), value: start.js
config.c(224) config_dump:   prop: name: read_script, id: 19, type: 2(STRING), value: read.js
config.c(224) config_dump:   prop: name: write_script, id: 20, type: 2(STRING), value: write.js
config.c(224) config_dump:   prop: name: run_script, id: 21, type: 2(STRING), value: run.js
config.c(224) config_dump:   prop: name: stop_script, id: 22, type: 2(STRING), value: stop.js
config.c(224) config_dump:   prop: name: mqtt_host, id: 23, type: 2(STRING), value: localhost
config.c(224) config_dump:   prop: name: mqtt_port, id: 24, type: 5(INT), value: 1883
config.c(224) config_dump:   prop: name: mqtt_clientid, id: 25, type: 2(STRING), value:
config.c(224) config_dump:   prop: name: mqtt_username, id: 26, type: 2(STRING), value:
config.c(224) config_dump:   prop: name: mqtt_password, id: 27, type: 2(STRING), value:
config.c(224) config_dump:   prop: name: AGENT_NAME, id: 0, type: 2(STRING), value: jbd
config.c(224) config_dump:   prop: name: AGENT_PATH, id: 0, type: 2(STRING), value: ../agents/jbd/jbd
config.c(224) config_dump:   prop: name: MANAGED, id: 0, type: 2(STRING), value: True
config.c(219) config_dump: section: agent
config.c(224) config_dump:   prop: name: name, id: 9, type: 2(STRING), value: pack_01
config.c(224) config_dump:   prop: name: read_interval, id: 10, type: 5(INT), value: 30
config.c(224) config_dump:   prop: name: open_before_read, id: 11, type: 10(BOOLEAN), value: False
config.c(224) config_dump:   prop: name: close_after_read, id: 12, type: 10(BOOLEAN), value: False
config.c(224) config_dump:   prop: name: write_interval, id: 13, type: 5(INT), value: 30
config.c(224) config_dump:   prop: name: open_before_write, id: 14, type: 10(BOOLEAN), value: False
config.c(224) config_dump:   prop: name: close_after_write, id: 15, type: 10(BOOLEAN), value: False
config.c(224) config_dump:   prop: name: script_dir, id: 16, type: 2(STRING), value: /opt/sd/lib/scripts/pack_01
config.c(224) config_dump:   prop: name: init_script, id: 17, type: 2(STRING), value: init.js
config.c(224) config_dump:   prop: name: start_script, id: 18, type: 2(STRING), value: start.js
config.c(224) config_dump:   prop: name: read_script, id: 19, type: 2(STRING), value: read.js
config.c(224) config_dump:   prop: name: write_script, id: 20, type: 2(STRING), value: write.js
config.c(224) config_dump:   prop: name: run_script, id: 21, type: 2(STRING), value: run.js
config.c(224) config_dump:   prop: name: stop_script, id: 22, type: 2(STRING), value: stop.js
config.c(219) config_dump: section: mqtt
config.c(224) config_dump:   prop: name: host, id: 23, type: 2(STRING), value: localhost
config.c(224) config_dump:   prop: name: port, id: 24, type: 5(INT), value: 1883
config.c(224) config_dump:   prop: name: clientid, id: 25, type: 2(STRING), value:
config.c(224) config_dump:   prop: name: username, id: 26, type: 2(STRING), value:
config.c(224) config_dump:   prop: name: password, id: 27, type: 2(STRING), value:
config.c(219) config_dump: section:
agent.c(462) agent_mqtt_init: host: localhost, clientid: , user: , pass:
agent.c(472) agent_mqtt_init: gen'ing MQTT ClientID...
agent.c(475) agent_mqtt_init: clientid: 9511b10a-b5bb-4796-afa1-d6ae0eefe4e5
agent.c(52) agent_mktopic: name: pack_01, func: Status
mqtt.c(158) mqtt_newclient: mqtt_config: host: localhost, clientid: 9511b10a-b5bb-4796-afa1-d6ae0eefe4e5, username: , password: , lwt: SolarD/pack_01/Status
mqtt.c(162) mqtt_newclient: create rc: 0
mqtt.c(170) mqtt_newclient: setcb rc: 0
mqtt.c(218) mqtt_connect: interval: 20
mqtt.c(225) mqtt_connect: lwt: SolarD/pack_01/Status
mqtt.c(245) mqtt_connect: connecting...
mqtt.c(248) mqtt_connect: rc: -1
error: MQTTClient_connect: cant connect
agent.c(647) agent_init: returning 0
main.c(79) jbd_agent_init: ap: (nil)
error:
